[2020-03-24T16:15:03.182] [DEBUG] cheese - login => username:zs,password:123456
[2020-03-24T16:15:03.184] [DEBUG] cheese - zs
[2020-03-24T16:15:03.273] [DEBUG] cheese - null
[2020-03-24T16:15:03.275] [DEBUG] cheese - null
[2020-03-24T16:15:47.662] [DEBUG] cheese - login => username:admin,password:123456
[2020-03-24T16:15:47.662] [DEBUG] cheese - admin
[2020-03-24T16:15:47.731] [DEBUG] cheese - null
[2020-03-24T16:15:47.731] [DEBUG] cheese - null
[2020-03-24T16:24:56.017] [DEBUG] cheese - login => username:admin,password:123456
[2020-03-24T16:24:56.018] [DEBUG] cheese - admin
[2020-03-24T16:24:56.095] [DEBUG] cheese - null
[2020-03-24T16:24:56.096] [DEBUG] cheese - null
[2020-03-24T16:24:57.304] [DEBUG] cheese - login => username:admin,password:123456
[2020-03-24T16:24:57.304] [DEBUG] cheese - admin
[2020-03-24T16:24:57.389] [DEBUG] cheese - null
[2020-03-24T16:24:57.389] [DEBUG] cheese - null
[2020-03-24T16:25:19.033] [DEBUG] cheese - login => username:admin,password:123456
[2020-03-24T16:25:19.034] [DEBUG] cheese - admin
[2020-03-24T16:25:19.100] [DEBUG] cheese - null
[2020-03-24T16:25:19.100] [DEBUG] cheese - null
[2020-03-24T16:25:22.822] [DEBUG] cheese - login => username:admin,password:12345
[2020-03-24T16:25:22.822] [DEBUG] cheese - admin
[2020-03-24T16:25:22.943] [DEBUG] cheese - null
[2020-03-24T16:25:22.943] [DEBUG] cheese - null
[2020-03-24T16:25:27.316] [DEBUG] cheese - login => username:admin,password:123456
[2020-03-24T16:25:27.316] [DEBUG] cheese - admin
[2020-03-24T16:25:27.387] [DEBUG] cheese - null
[2020-03-24T16:25:27.387] [DEBUG] cheese - null
[2020-03-24T19:28:48.497] [DEBUG] cheese - login => username:admin,password:123456
[2020-03-24T19:28:48.498] [DEBUG] cheese - admin
[2020-03-24T19:28:48.658] [DEBUG] cheese - null
[2020-03-24T19:28:48.658] [DEBUG] cheese - null
[2020-03-24T19:59:25.668] [DEBUG] cheese - login => username:admin,password:123456
[2020-03-24T19:59:25.668] [DEBUG] cheese - admin
[2020-03-24T19:59:25.793] [DEBUG] cheese - null
[2020-03-24T19:59:25.793] [DEBUG] cheese - null
[2020-03-24T20:05:49.661] [DEBUG] cheese - login => username:admin,password:123456
[2020-03-24T20:05:49.661] [DEBUG] cheese - admin
[2020-03-24T20:05:49.831] [DEBUG] cheese - null
[2020-03-24T20:05:49.831] [DEBUG] cheese - null
[2020-03-24T20:05:50.198] [DEBUG] cheese - login => username:admin,password:123456
[2020-03-24T20:05:50.199] [DEBUG] cheese - admin
[2020-03-24T20:05:50.324] [DEBUG] cheese - null
[2020-03-24T20:05:50.324] [DEBUG] cheese - null
[2020-03-24T20:06:04.251] [DEBUG] cheese - login => username:admin,password:123452
[2020-03-24T20:06:04.251] [DEBUG] cheese - admin
[2020-03-24T20:06:04.352] [DEBUG] cheese - null
[2020-03-24T20:06:04.352] [DEBUG] cheese - null
[2020-03-24T20:06:13.099] [DEBUG] cheese - login => username:admin,password:123456
[2020-03-24T20:06:13.100] [DEBUG] cheese - admin
[2020-03-24T20:06:13.435] [DEBUG] cheese - null
[2020-03-24T20:06:13.435] [DEBUG] cheese - null
[2020-03-24T20:08:36.651] [DEBUG] cheese - login => username:admin,password:123456
[2020-03-24T20:08:36.651] [DEBUG] cheese - admin
[2020-03-24T20:08:36.838] [DEBUG] cheese - null
[2020-03-24T20:08:36.838] [DEBUG] cheese - null
[2020-03-24T20:08:38.850] [DEBUG] cheese - login => username:admin,password:123456
[2020-03-24T20:08:38.850] [DEBUG] cheese - admin
[2020-03-24T20:08:39.007] [DEBUG] cheese - null
[2020-03-24T20:08:39.008] [DEBUG] cheese - null
[2020-03-24T20:09:04.945] [DEBUG] cheese - login => username:admin,password:123456
[2020-03-24T20:09:04.945] [DEBUG] cheese - admin
[2020-03-24T20:09:05.078] [DEBUG] cheese - null
[2020-03-24T20:09:05.078] [DEBUG] cheese - null
[2020-03-24T20:10:04.040] [DEBUG] cheese - login => username:admin,password:123456
[2020-03-24T20:10:04.040] [DEBUG] cheese - admin
[2020-03-24T20:10:04.146] [DEBUG] cheese - null
[2020-03-24T20:10:04.147] [DEBUG] cheese - null
[2020-03-24T20:11:24.736] [DEBUG] cheese - login => username:admin,password:123456
[2020-03-24T20:11:24.736] [DEBUG] cheese - admin
[2020-03-24T20:11:24.892] [DEBUG] cheese - null
[2020-03-24T20:11:24.892] [DEBUG] cheese - null
[2020-03-24T20:11:34.097] [DEBUG] cheese - login => username:admin,password:123456
[2020-03-24T20:11:34.097] [DEBUG] cheese - admin
[2020-03-24T20:11:34.237] [DEBUG] cheese - null
[2020-03-24T20:11:34.237] [DEBUG] cheese - null
[2020-03-24T20:12:16.712] [DEBUG] cheese - login => username:admin,password:123456
[2020-03-24T20:12:16.712] [DEBUG] cheese - admin
[2020-03-24T20:12:16.873] [DEBUG] cheese - null
[2020-03-24T20:12:16.873] [DEBUG] cheese - null
[2020-03-24T20:17:41.794] [DEBUG] cheese - login => username:admin,password:123456
[2020-03-24T20:17:41.794] [DEBUG] cheese - admin
[2020-03-24T20:17:42.013] [DEBUG] cheese - null
[2020-03-24T20:17:42.013] [DEBUG] cheese - null
[2020-03-24T20:17:48.858] [DEBUG] cheese - login => username:admin,password:123456sd
[2020-03-24T20:17:48.858] [DEBUG] cheese - admin
[2020-03-24T20:17:49.011] [DEBUG] cheese - null
[2020-03-24T20:17:49.011] [DEBUG] cheese - null
[2020-03-24T20:18:12.438] [DEBUG] cheese - login => username:admin,password:123456
[2020-03-24T20:18:12.438] [DEBUG] cheese - admin
[2020-03-24T20:18:12.626] [DEBUG] cheese - null
[2020-03-24T20:18:12.626] [DEBUG] cheese - null
[2020-03-24T20:18:24.109] [DEBUG] cheese - login => username:adminw,password:123456
[2020-03-24T20:18:24.109] [DEBUG] cheese - adminw
[2020-03-24T20:18:24.239] [DEBUG] cheese - null
[2020-03-24T20:18:24.239] [DEBUG] cheese - null
[2020-03-24T20:20:41.544] [DEBUG] cheese - login => username:admin,password:123456
[2020-03-24T20:20:41.544] [DEBUG] cheese - admin
[2020-03-24T20:20:41.645] [DEBUG] cheese - login => username:admin,password:123456
[2020-03-24T20:20:41.645] [DEBUG] cheese - admin
[2020-03-24T20:20:42.901] [DEBUG] cheese - null
[2020-03-24T20:20:42.901] [DEBUG] cheese - null
[2020-03-24T20:20:43.571] [DEBUG] cheese - null
[2020-03-24T20:20:43.571] [DEBUG] cheese - null
[2020-03-24T20:21:13.550] [DEBUG] cheese - login => username:admin,password:123456
[2020-03-24T20:21:13.550] [DEBUG] cheese - admin
[2020-03-24T20:21:14.163] [DEBUG] cheese - null
[2020-03-24T20:21:14.163] [DEBUG] cheese - null
[2020-03-24T20:21:31.283] [DEBUG] cheese - login => username:admin,password:123456
[2020-03-24T20:21:31.283] [DEBUG] cheese - admin
[2020-03-24T20:21:31.658] [DEBUG] cheese - null
[2020-03-24T20:21:31.658] [DEBUG] cheese - null
[2020-03-24T20:21:59.253] [DEBUG] cheese - login => username:admin,password:123456
[2020-03-24T20:21:59.253] [DEBUG] cheese - admin
[2020-03-24T20:21:59.385] [DEBUG] cheese - null
[2020-03-24T20:21:59.385] [DEBUG] cheese - null
[2020-03-24T20:22:35.116] [DEBUG] cheese - login => username:admin,password:123456
[2020-03-24T20:22:35.116] [DEBUG] cheese - admin
[2020-03-24T20:22:36.133] [DEBUG] cheese - null
[2020-03-24T20:22:36.133] [DEBUG] cheese - null
[2020-03-24T20:27:13.701] [DEBUG] cheese - login => username:admin,password:123456
[2020-03-24T20:27:13.702] [DEBUG] cheese - admin
[2020-03-24T20:27:13.921] [DEBUG] cheese - null
[2020-03-24T20:27:13.921] [DEBUG] cheese - null
[2020-03-24T20:28:58.431] [DEBUG] cheese - login => username:admin,password:123456
[2020-03-24T20:28:58.431] [DEBUG] cheese - admin
[2020-03-24T20:28:58.595] [DEBUG] cheese - null
[2020-03-24T20:28:58.595] [DEBUG] cheese - null
[2020-03-24T20:30:29.213] [DEBUG] cheese - login => username:admin,password:123456
[2020-03-24T20:30:29.213] [DEBUG] cheese - admin
[2020-03-24T20:30:29.391] [DEBUG] cheese - null
[2020-03-24T20:30:29.391] [DEBUG] cheese - null
[2020-03-24T20:31:49.716] [DEBUG] cheese - login => username:admin,password:123456
[2020-03-24T20:31:49.716] [DEBUG] cheese - admin
[2020-03-24T20:31:50.192] [DEBUG] cheese - null
[2020-03-24T20:31:50.192] [DEBUG] cheese - null
[2020-03-24T20:32:23.034] [DEBUG] cheese - login => username:admin,password:123456
[2020-03-24T20:32:23.034] [DEBUG] cheese - admin
[2020-03-24T20:32:23.215] [DEBUG] cheese - null
[2020-03-24T20:32:23.215] [DEBUG] cheese - null
[2020-03-24T20:35:48.266] [DEBUG] cheese - login => username:admin,password:123456
[2020-03-24T20:35:48.266] [DEBUG] cheese - admin
[2020-03-24T20:35:48.397] [DEBUG] cheese - login => username:admin,password:123456
[2020-03-24T20:35:48.397] [DEBUG] cheese - admin
[2020-03-24T20:35:49.975] [DEBUG] cheese - login => username:admin,password:123456
[2020-03-24T20:35:49.975] [DEBUG] cheese - admin
[2020-03-24T20:35:50.051] [DEBUG] cheese - null
[2020-03-24T20:35:50.051] [DEBUG] cheese - null
[2020-03-24T20:35:50.370] [DEBUG] cheese - null
[2020-03-24T20:35:50.371] [DEBUG] cheese - null
[2020-03-24T20:35:50.755] [DEBUG] cheese - null
[2020-03-24T20:35:50.755] [DEBUG] cheese - null
[2020-03-24T20:39:05.214] [DEBUG] cheese - login => username:admin,password:123456
[2020-03-24T20:39:05.214] [DEBUG] cheese - admin
[2020-03-24T20:39:05.436] [DEBUG] cheese - null
[2020-03-24T20:39:05.436] [DEBUG] cheese - null
[2020-03-24T20:40:55.927] [DEBUG] cheese - login => username:admin,password:123456
[2020-03-24T20:40:55.927] [DEBUG] cheese - admin
[2020-03-24T20:40:56.060] [DEBUG] cheese - null
[2020-03-24T20:40:56.060] [DEBUG] cheese - null
[2020-03-24T20:43:17.690] [DEBUG] cheese - login => username:admin,password:123456
[2020-03-24T20:43:17.690] [DEBUG] cheese - admin
[2020-03-24T20:43:17.865] [DEBUG] cheese - null
[2020-03-24T20:43:17.865] [DEBUG] cheese - null
[2020-03-24T20:43:36.513] [DEBUG] cheese - login => username:admin,password:123456
[2020-03-24T20:43:36.513] [DEBUG] cheese - admin
[2020-03-24T20:43:36.651] [DEBUG] cheese - null
[2020-03-24T20:43:36.651] [DEBUG] cheese - null
[2020-03-24T20:44:09.074] [DEBUG] cheese - login => username:admin,password:123456
[2020-03-24T20:44:09.074] [DEBUG] cheese - admin
[2020-03-24T20:44:09.236] [DEBUG] cheese - null
[2020-03-24T20:44:09.236] [DEBUG] cheese - null
[2020-03-24T20:46:08.724] [DEBUG] cheese - login => username:admin,password:123456
[2020-03-24T20:46:08.724] [DEBUG] cheese - admin
[2020-03-24T20:46:08.873] [DEBUG] cheese - null
[2020-03-24T20:46:08.874] [DEBUG] cheese - null
[2020-03-24T20:46:24.402] [DEBUG] cheese - login => username:admin,password:123456
[2020-03-24T20:46:24.402] [DEBUG] cheese - admin
[2020-03-24T20:46:24.537] [DEBUG] cheese - null
[2020-03-24T20:46:24.537] [DEBUG] cheese - null
[2020-03-24T20:46:59.336] [DEBUG] cheese - login => username:admin,password:123456
[2020-03-24T20:46:59.336] [DEBUG] cheese - admin
[2020-03-24T20:46:59.476] [DEBUG] cheese - null
[2020-03-24T20:46:59.476] [DEBUG] cheese - null
[2020-03-24T20:47:10.015] [DEBUG] cheese - login => username:admin,password:123456
[2020-03-24T20:47:10.015] [DEBUG] cheese - admin
[2020-03-24T20:47:10.292] [DEBUG] cheese - null
[2020-03-24T20:47:10.292] [DEBUG] cheese - null
[2020-03-24T20:47:20.984] [DEBUG] cheese - login => username:admin,password:123456
[2020-03-24T20:47:20.984] [DEBUG] cheese - admin
[2020-03-24T20:47:21.207] [DEBUG] cheese - null
[2020-03-24T20:47:21.207] [DEBUG] cheese - null
[2020-03-24T20:47:32.672] [DEBUG] cheese - login => username:admin,password:123456
[2020-03-24T20:47:32.672] [DEBUG] cheese - admin
[2020-03-24T20:47:32.801] [DEBUG] cheese - null
[2020-03-24T20:47:32.801] [DEBUG] cheese - null
[2020-03-24T20:54:00.249] [DEBUG] cheese - login => username:admin,password:123456
[2020-03-24T20:54:00.249] [DEBUG] cheese - admin
[2020-03-24T20:54:00.417] [DEBUG] cheese - null
[2020-03-24T20:54:00.417] [DEBUG] cheese - null
[2020-03-24T20:57:01.087] [DEBUG] cheese - login => username:admin,password:123456
[2020-03-24T20:57:01.087] [DEBUG] cheese - admin
[2020-03-24T20:57:01.255] [DEBUG] cheese - null
[2020-03-24T20:57:01.255] [DEBUG] cheese - null
[2020-03-24T20:57:05.661] [DEBUG] cheese - login => username:admin,password:123456
[2020-03-24T20:57:05.661] [DEBUG] cheese - admin
[2020-03-24T20:57:05.837] [DEBUG] cheese - null
[2020-03-24T20:57:05.837] [DEBUG] cheese - null
[2020-03-24T20:57:46.191] [DEBUG] cheese - login => username:admin,password:123456
[2020-03-24T20:57:46.191] [DEBUG] cheese - admin
[2020-03-24T20:57:46.324] [DEBUG] cheese - null
[2020-03-24T20:57:46.325] [DEBUG] cheese - null
[2020-03-24T21:00:54.098] [DEBUG] cheese - login => username:admin,password:123456
[2020-03-24T21:00:54.098] [DEBUG] cheese - admin
[2020-03-24T21:00:54.232] [DEBUG] cheese - null
[2020-03-24T21:00:54.233] [DEBUG] cheese - null
[2020-03-24T21:11:39.347] [DEBUG] cheese - login => username:admin,password:123456
[2020-03-24T21:11:39.347] [DEBUG] cheese - admin
[2020-03-24T21:11:39.478] [DEBUG] cheese - null
[2020-03-24T21:11:39.479] [DEBUG] cheese - null
[2020-03-24T21:11:56.261] [DEBUG] cheese - login => username:admin,password:123456
[2020-03-24T21:11:56.262] [DEBUG] cheese - admin
[2020-03-24T21:11:56.382] [DEBUG] cheese - null
[2020-03-24T21:11:56.382] [DEBUG] cheese - null
[2020-03-24T21:15:40.339] [DEBUG] cheese - login => username:admin,password:123456
[2020-03-24T21:15:40.339] [DEBUG] cheese - admin
[2020-03-24T21:15:40.509] [DEBUG] cheese - null
[2020-03-24T21:15:40.509] [DEBUG] cheese - null
[2020-03-24T21:24:02.728] [DEBUG] cheese - login => username:admin,password:123456
[2020-03-24T21:24:02.728] [DEBUG] cheese - admin
[2020-03-24T21:24:02.865] [DEBUG] cheese - null
[2020-03-24T21:24:02.865] [DEBUG] cheese - null
[2020-03-24T21:25:25.592] [DEBUG] cheese - login => username:admin,password:123456
[2020-03-24T21:25:25.592] [DEBUG] cheese - admin
[2020-03-24T21:25:25.742] [DEBUG] cheese - null
[2020-03-24T21:25:25.743] [DEBUG] cheese - null
[2020-03-24T21:29:41.365] [DEBUG] cheese - login => username:admin,password:123456
[2020-03-24T21:29:41.365] [DEBUG] cheese - admin
[2020-03-24T21:29:41.498] [DEBUG] cheese - null
[2020-03-24T21:29:41.499] [DEBUG] cheese - null
[2020-03-24T21:30:17.812] [DEBUG] cheese - login => username:admin,password:123456
[2020-03-24T21:30:17.812] [DEBUG] cheese - admin
[2020-03-24T21:30:18.003] [DEBUG] cheese - null
[2020-03-24T21:30:18.003] [DEBUG] cheese - null
[2020-03-24T21:31:41.429] [DEBUG] cheese - login => username:admin,password:123456
[2020-03-24T21:31:41.429] [DEBUG] cheese - admin
[2020-03-24T21:31:41.582] [DEBUG] cheese - null
[2020-03-24T21:31:41.582] [DEBUG] cheese - null
[2020-03-24T21:34:02.665] [DEBUG] cheese - login => username:admin,password:123456
[2020-03-24T21:34:02.666] [DEBUG] cheese - admin
[2020-03-24T21:34:02.791] [DEBUG] cheese - null
[2020-03-24T21:34:02.791] [DEBUG] cheese - null
[2020-03-24T21:53:08.253] [DEBUG] cheese - login => username:admin,password:123456
[2020-03-24T21:53:08.253] [DEBUG] cheese - admin
[2020-03-24T21:53:08.464] [DEBUG] cheese - null
[2020-03-24T21:53:08.465] [DEBUG] cheese - null
[2020-03-24T21:54:06.935] [DEBUG] cheese - login => username:admin,password:123456
[2020-03-24T21:54:06.935] [DEBUG] cheese - admin
[2020-03-24T21:54:07.062] [DEBUG] cheese - null
[2020-03-24T21:54:07.062] [DEBUG] cheese - null
[2020-03-24T22:07:58.375] [DEBUG] cheese - login => username:admin,password:123456
[2020-03-24T22:07:58.376] [DEBUG] cheese - admin
[2020-03-24T22:07:58.514] [DEBUG] cheese - null
[2020-03-24T22:07:58.514] [DEBUG] cheese - null
[2020-03-24T22:08:52.039] [DEBUG] cheese - login => username:admin,password:123456
[2020-03-24T22:08:52.039] [DEBUG] cheese - admin
[2020-03-24T22:08:52.179] [DEBUG] cheese - null
[2020-03-24T22:08:52.179] [DEBUG] cheese - null
[2020-03-25T08:00:28.647] [DEBUG] cheese - login => username:admin,password:123456
[2020-03-25T08:00:28.647] [DEBUG] cheese - admin
[2020-03-25T08:00:30.867] [DEBUG] cheese - login => username:admin,password:123456
[2020-03-25T08:00:30.867] [DEBUG] cheese - admin
[2020-03-25T08:00:37.147] [DEBUG] cheese - login => username:admin,password:123456
[2020-03-25T08:00:37.147] [DEBUG] cheese - admin
[2020-03-25T08:00:38.518] [DEBUG] cheese - login => username:admin,password:123456
[2020-03-25T08:00:38.518] [DEBUG] cheese - admin
[2020-03-25T08:00:38.746] [DEBUG] cheese - null
[2020-03-25T08:00:38.746] [DEBUG] cheese - null
[2020-03-25T08:00:38.930] [DEBUG] cheese - null
[2020-03-25T08:00:38.931] [DEBUG] cheese - null
[2020-03-25T08:00:41.246] [DEBUG] cheese - null
[2020-03-25T08:00:41.246] [DEBUG] cheese - null
[2020-03-25T08:00:47.485] [DEBUG] cheese - null
[2020-03-25T08:00:47.485] [DEBUG] cheese - null
